2022-09-09 13:33:38,543 INFO: DT Swiss Assembly startup [in /app/app/__init__.py:48]
2022-09-09 13:40:31,461 INFO: DT Swiss Assembly startup [in /app/app/__init__.py:48]
2022-09-09 13:40:31,544 INFO: DT Swiss Assembly startup [in /app/app/__init__.py:48]
2022-09-09 13:40:31,614 INFO: DT Swiss Assembly startup [in /app/app/__init__.py:48]
2022-09-09 13:40:31,719 INFO: DT Swiss Assembly startup [in /app/app/__init__.py:48]
2022-09-09 13:40:46,949 ERROR: Exception on /reset_password_request [POST] [in /usr/local/lib/python3.9/site-packages/flask/app.py:1457]
Traceback (most recent call last):
  File "/usr/local/lib/python3.9/site-packages/flask/app.py", line 2073, in wsgi_app
    response = self.full_dispatch_request()
  File "/usr/local/lib/python3.9/site-packages/flask/app.py", line 1518, in full_dispatch_request
    rv = self.handle_user_exception(e)
  File "/usr/local/lib/python3.9/site-packages/flask/app.py", line 1516, in full_dispatch_request
    rv = self.dispatch_request()
  File "/usr/local/lib/python3.9/site-packages/flask/app.py", line 1502, in dispatch_request
    return self.ensure_sync(self.view_functions[rule.endpoint])(**req.view_args)
  File "/app/app/routes.py", line 184, in reset_password_request
    send_password_reset_email(user)
  File "/app/app/email.py", line 15, in send_password_reset_email
    token = user.get_reset_password_token()
  File "/app/app/models.py", line 70, in get_reset_password_token
    return jwt.encode(
TypeError: encode() missing 1 required positional argument: 'key'
2022-09-09 13:41:13,071 INFO: DT Swiss Assembly startup [in /app/app/__init__.py:48]
2022-09-09 13:41:13,252 INFO: DT Swiss Assembly startup [in /app/app/__init__.py:48]
2022-09-09 13:41:13,344 INFO: DT Swiss Assembly startup [in /app/app/__init__.py:48]
2022-09-09 13:41:13,601 INFO: DT Swiss Assembly startup [in /app/app/__init__.py:48]
2022-09-09 13:41:20,452 ERROR: Exception on /reset_password_request [POST] [in /usr/local/lib/python3.9/site-packages/flask/app.py:1457]
Traceback (most recent call last):
  File "/usr/local/lib/python3.9/site-packages/flask/app.py", line 2073, in wsgi_app
    response = self.full_dispatch_request()
  File "/usr/local/lib/python3.9/site-packages/flask/app.py", line 1518, in full_dispatch_request
    rv = self.handle_user_exception(e)
  File "/usr/local/lib/python3.9/site-packages/flask/app.py", line 1516, in full_dispatch_request
    rv = self.dispatch_request()
  File "/usr/local/lib/python3.9/site-packages/flask/app.py", line 1502, in dispatch_request
    return self.ensure_sync(self.view_functions[rule.endpoint])(**req.view_args)
  File "/app/app/routes.py", line 184, in reset_password_request
    send_password_reset_email(user)
  File "/app/app/email.py", line 15, in send_password_reset_email
    token = user.get_reset_password_token()
  File "/app/app/models.py", line 70, in get_reset_password_token
    return jwt.encode(
TypeError: encode() missing 1 required positional argument: 'key'
2022-09-09 13:45:11,398 INFO: DT Swiss Assembly startup [in /app/app/__init__.py:48]
2022-09-09 13:45:11,397 INFO: DT Swiss Assembly startup [in /app/app/__init__.py:48]
2022-09-09 13:45:11,463 INFO: DT Swiss Assembly startup [in /app/app/__init__.py:48]
2022-09-09 13:45:11,512 INFO: DT Swiss Assembly startup [in /app/app/__init__.py:48]
2022-09-09 13:45:15,472 INFO: DT Swiss Assembly startup [in /app/app/__init__.py:48]
2022-09-09 13:45:15,463 INFO: DT Swiss Assembly startup [in /app/app/__init__.py:48]
2022-09-09 13:45:15,475 INFO: DT Swiss Assembly startup [in /app/app/__init__.py:48]
2022-09-09 13:45:15,516 INFO: DT Swiss Assembly startup [in /app/app/__init__.py:48]
2022-09-09 13:45:20,054 INFO: DT Swiss Assembly startup [in /app/app/__init__.py:48]
2022-09-09 13:45:20,053 INFO: DT Swiss Assembly startup [in /app/app/__init__.py:48]
2022-09-09 13:45:20,181 INFO: DT Swiss Assembly startup [in /app/app/__init__.py:48]
2022-09-09 13:45:20,205 INFO: DT Swiss Assembly startup [in /app/app/__init__.py:48]
2022-09-09 13:46:28,664 INFO: DT Swiss Assembly startup [in /app/app/__init__.py:48]
2022-09-09 13:46:29,039 INFO: DT Swiss Assembly startup [in /app/app/__init__.py:48]
2022-09-09 13:46:29,126 INFO: DT Swiss Assembly startup [in /app/app/__init__.py:48]
2022-09-09 13:46:29,216 INFO: DT Swiss Assembly startup [in /app/app/__init__.py:48]
2022-09-09 14:33:26,001 INFO: DT Swiss Assembly startup [in /app/app/__init__.py:48]
2022-09-09 14:33:26,012 INFO: DT Swiss Assembly startup [in /app/app/__init__.py:48]
2022-09-09 14:33:26,016 INFO: DT Swiss Assembly startup [in /app/app/__init__.py:48]
2022-09-09 14:33:26,026 INFO: DT Swiss Assembly startup [in /app/app/__init__.py:48]
2022-09-09 14:34:55,235 INFO: DT Swiss Assembly startup [in /app/app/__init__.py:48]
2022-09-09 14:34:55,243 INFO: DT Swiss Assembly startup [in /app/app/__init__.py:48]
2022-09-09 14:34:55,249 INFO: DT Swiss Assembly startup [in /app/app/__init__.py:48]
2022-09-09 14:34:55,252 INFO: DT Swiss Assembly startup [in /app/app/__init__.py:48]
2022-09-09 14:36:08,464 INFO: DT Swiss Assembly startup [in /app/app/__init__.py:48]
2022-09-09 14:36:08,466 INFO: DT Swiss Assembly startup [in /app/app/__init__.py:48]
2022-09-09 14:36:08,463 INFO: DT Swiss Assembly startup [in /app/app/__init__.py:48]
2022-09-09 14:36:08,480 INFO: DT Swiss Assembly startup [in /app/app/__init__.py:48]
2022-09-09 14:39:46,915 INFO: DT Swiss Assembly startup [in /app/app/__init__.py:48]
2022-09-09 14:39:46,908 INFO: DT Swiss Assembly startup [in /app/app/__init__.py:48]
2022-09-09 14:39:46,912 INFO: DT Swiss Assembly startup [in /app/app/__init__.py:48]
2022-09-09 14:39:46,924 INFO: DT Swiss Assembly startup [in /app/app/__init__.py:48]
2022-09-09 14:40:43,416 INFO: DT Swiss Assembly startup [in /app/app/__init__.py:48]
2022-09-09 14:40:43,585 INFO: DT Swiss Assembly startup [in /app/app/__init__.py:48]
2022-09-09 14:40:43,621 INFO: DT Swiss Assembly startup [in /app/app/__init__.py:48]
2022-09-09 14:40:43,723 INFO: DT Swiss Assembly startup [in /app/app/__init__.py:48]
2022-09-09 14:44:38,821 INFO: DT Swiss Assembly startup [in /app/app/__init__.py:48]
2022-09-09 14:44:38,958 INFO: DT Swiss Assembly startup [in /app/app/__init__.py:48]
2022-09-09 14:44:39,140 INFO: DT Swiss Assembly startup [in /app/app/__init__.py:48]
2022-09-09 14:44:39,202 INFO: DT Swiss Assembly startup [in /app/app/__init__.py:48]
